<?xml version="1.0" encoding="UTF-8"?>
<!-- Generated by org.testng.reporters.JUnitReportReporter -->
<testsuite hostname="SIPL92" failures="0" tests="1" name="RW.ServiceRW" time="99.925" errors="0" timestamp="2022-03-03T09:47:30 IST" skipped="0">
  <testcase classname="RW.ServiceRW" name="serviceRW" time="99.925"/>
  <system-out/>
</testsuite> <!-- RW.ServiceRW -->
