<?xml version="1.0" encoding="UTF-8"?>
<!-- Generated by org.testng.reporters.JUnitReportReporter -->
<testsuite hostname="SIPL92" failures="0" tests="1" name="RW.ServiceRW" time="276.474" errors="0" timestamp="2022-07-11T12:04:45 IST" skipped="0">
  <testcase classname="RW.ServiceRW" name="serviceRW" time="276.474"/>
  <system-out/>
</testsuite> <!-- RW.ServiceRW -->
