<?xml version="1.0" encoding="UTF-8"?>
<!-- Generated by org.testng.reporters.JUnitReportReporter -->
<testsuite hostname="SIPL92" failures="0" tests="1" name="RW.ServiceRW" time="159.253" errors="0" timestamp="17 May 2022 04:06:44 GMT">
  <testcase classname="RW.ServiceRW" name="serviceRW" time="159.253"/>
</testsuite> <!-- RW.ServiceRW -->
