<?xml version="1.0" encoding="UTF-8"?>
<!-- Generated by org.testng.reporters.JUnitReportReporter -->
<testsuite hostname="SIPL92" failures="0" tests="1" name="RW.ServiceRW" time="294.650" errors="0" timestamp="2022-06-28T19:02:52 IST" skipped="0">
  <testcase classname="RW.ServiceRW" name="serviceRW" time="294.650"/>
  <system-out/>
</testsuite> <!-- RW.ServiceRW -->
