<?xml version="1.0" encoding="UTF-8"?>
<!-- Generated by org.testng.reporters.JUnitReportReporter -->
<testsuite hostname="SIPL92" failures="0" tests="1" name="RW.ServiceRW" time="146.334" errors="0" timestamp="17 Mar 2022 04:08:21 GMT">
  <testcase classname="RW.ServiceRW" name="serviceRW" time="146.334"/>
</testsuite> <!-- RW.ServiceRW -->
