<?xml version="1.0" encoding="UTF-8"?>
<!-- Generated by org.testng.reporters.JUnitReportReporter -->
<testsuite hostname="SIPL92" failures="0" tests="1" name="RW.ServiceRW" time="157.314" errors="0" timestamp="2022-03-30T14:34:18 IST" skipped="0">
  <testcase classname="RW.ServiceRW" name="serviceRW" time="157.314"/>
  <system-out/>
</testsuite> <!-- RW.ServiceRW -->
